===================================================== test session starts ======================================================
platform linux -- Python 3.12.10, pytest-8.4.1, pluggy-1.6.0
rootdir: /workspace/Routing_ML
plugins: anyio-4.11.0
collected 5 items

tests/test_rsl_routing_groups.py .....                                                                                   [100%]

======================================================= warnings summary =======================================================
tests/test_rsl_routing_groups.py::test_create_group_success
  /workspace/Routing_ML/backend/api/services/master_data_service.py:10: DeprecationWarning: 
  Pyarrow will become a required dependency of pandas in the next major release of pandas (pandas 3.0),
  (to allow more performant data types, such as the Arrow string type, and better interoperability with other libraries)
  but was not found to be installed on your system.
  If this would cause problems for you,
  please provide us feedback at https://github.com/pandas-dev/pandas/issues/54466
          
    import pandas as pd

tests/test_rsl_routing_groups.py::test_create_group_success
  /workspace/Routing_ML/common/config_store.py:565: DeprecationWarning: datetime.datetime.utcnow() is deprecated and scheduled for removal in a future version. Use timezone-aware objects to represent datetimes in UTC: datetime.datetime.now(datetime.UTC).
    "updated_at": datetime.utcnow().isoformat(),

tests/test_rsl_routing_groups.py::test_create_group_success
tests/test_rsl_routing_groups.py::test_duplicate_step_sequence_conflict
tests/test_rsl_routing_groups.py::test_create_group_with_erp_flag
tests/test_rsl_routing_groups.py::test_update_group_toggles_erp_flag
tests/test_rsl_routing_groups.py::test_list_groups_includes_erp_flag
  /root/.pyenv/versions/3.12.10/lib/python3.12/site-packages/httpx/_client.py:690: DeprecationWarning: The 'app' shortcut is now deprecated. Use the explicit style 'transport=WSGITransport(app=...)' instead.
    warnings.warn(message, DeprecationWarning)

tests/test_rsl_routing_groups.py: 35 warnings
  /root/.pyenv/versions/3.12.10/lib/python3.12/site-packages/sqlalchemy/sql/schema.py:3593: DeprecationWarning: datetime.datetime.utcnow() is deprecated and scheduled for removal in a future version. Use timezone-aware objects to represent datetimes in UTC: datetime.datetime.now(datetime.UTC).
    return util.wrap_callable(lambda ctx: fn(), fn)  # type: ignore

tests/test_rsl_routing_groups.py::test_create_group_success
tests/test_rsl_routing_groups.py::test_duplicate_step_sequence_conflict
tests/test_rsl_routing_groups.py::test_create_group_with_erp_flag
tests/test_rsl_routing_groups.py::test_update_group_toggles_erp_flag
tests/test_rsl_routing_groups.py::test_list_groups_includes_erp_flag
  /workspace/Routing_ML/backend/api/services/auth_service.py:107: DeprecationWarning: datetime.datetime.utcnow() is deprecated and scheduled for removal in a future version. Use timezone-aware objects to represent datetimes in UTC: datetime.datetime.now(datetime.UTC).
    user.approved_at = datetime.utcnow()

tests/test_rsl_routing_groups.py::test_create_group_success
tests/test_rsl_routing_groups.py::test_duplicate_step_sequence_conflict
tests/test_rsl_routing_groups.py::test_create_group_with_erp_flag
tests/test_rsl_routing_groups.py::test_update_group_toggles_erp_flag
tests/test_rsl_routing_groups.py::test_list_groups_includes_erp_flag
  /workspace/Routing_ML/backend/api/services/auth_service.py:164: DeprecationWarning: datetime.datetime.utcnow() is deprecated and scheduled for removal in a future version. Use timezone-aware objects to represent datetimes in UTC: datetime.datetime.now(datetime.UTC).
    user.last_login_at = datetime.utcnow()

tests/test_rsl_routing_groups.py::test_create_group_success
tests/test_rsl_routing_groups.py::test_duplicate_step_sequence_conflict
tests/test_rsl_routing_groups.py::test_create_group_with_erp_flag
tests/test_rsl_routing_groups.py::test_update_group_toggles_erp_flag
tests/test_rsl_routing_groups.py::test_list_groups_includes_erp_flag
  /workspace/Routing_ML/backend/api/session_manager.py:37: DeprecationWarning: datetime.datetime.utcnow() is deprecated and scheduled for removal in a future version. Use timezone-aware objects to represent datetimes in UTC: datetime.datetime.now(datetime.UTC).
    now = datetime.utcnow()

tests/test_rsl_routing_groups.py: 18 warnings
  /workspace/Routing_ML/backend/api/services/auth_service.py:248: DeprecationWarning: datetime.datetime.utcfromtimestamp() is deprecated and scheduled for removal in a future version. Use timezone-aware objects to represent datetimes in UTC: datetime.datetime.fromtimestamp(timestamp, datetime.UTC).
    return datetime.utcfromtimestamp(value)

-- Docs: https://docs.pytest.org/en/stable/how-to/capture-warnings.html
================================================ 5 passed, 75 warnings in 7.31s ================================================
